Build started 11/14/2014 1:23:24 PM.
     1>Project "C:\Users\Martin\Documents\UNM\413\GLEPT\GLEPT\platforms\windows\01_project_skeleton.vcxproj" on node 2 (Build target(s)).
     1>ClCompile:
         C:\Program Files (x86)\Microsoft Visual Studio 12.0\VC\bin\CL.exe /c /ZI /nologo /W3 /WX- /Od /Oy- /D WIN32 /D _CONSOLE /D _LIB /D GLEW_STATIC /D GLM_FORCE_RADIANS /Gm /EHsc /RTC1 /MD /GS /fp:precise /Zc:wchar_t /Zc:forScope /Fo"C:\Users\Martin\Documents\UNM\413\GLEPT\GLEPT\Build\01_project_skeleton\Debug\Intermediates\\" /Fd"C:\Users\Martin\Documents\UNM\413\GLEPT\GLEPT\Build\01_project_skeleton\Debug\Intermediates\vc120.pdb" /Gd /TP /analyze- /errorReport:prompt ..\..\source\01_project_skeleton\source\main.cpp ..\..\source\01_project_skeleton\source\Program.cpp ..\..\source\01_project_skeleton\source\Shader.cpp platform_windows.cpp
         platform_windows.cpp
         Shader.cpp
         Program.cpp
         main.cpp
         Generating Code...
         C:\Program Files (x86)\Microsoft Visual Studio 12.0\VC\bin\CL.exe /c /ZI /nologo /W3 /WX- /Od /Oy- /D WIN32 /D _CONSOLE /D _LIB /D GLEW_STATIC /D GLM_FORCE_RADIANS /Gm /EHsc /RTC1 /MD /GS /fp:precise /Zc:wchar_t /Zc:forScope /Fo"C:\Users\Martin\Documents\UNM\413\GLEPT\GLEPT\Build\01_project_skeleton\Debug\Intermediates\\" /Fd"C:\Users\Martin\Documents\UNM\413\GLEPT\GLEPT\Build\01_project_skeleton\Debug\Intermediates\vc120.pdb" /Gd /TC /analyze- /errorReport:prompt ..\..\source\common\thirdparty\glew\src\glew.c
         glew.c
       Link:
         C:\Program Files (x86)\Microsoft Visual Studio 12.0\VC\bin\link.exe /ERRORREPORT:PROMPT /OUT:"C:\Users\Martin\Documents\UNM\413\GLEPT\GLEPT\Build\01_project_skeleton\Debug\01_project_skeleton.exe" /INCREMENTAL /NOLOGO glfw3.lib opengl32.lib kernel32.lib user32.lib gdi32.lib winspool.lib comdlg32.lib advapi32.lib shell32.lib ole32.lib oleaut32.lib uuid.lib odbc32.lib odbccp32.lib /MANIFEST /MANIFESTUAC:"level='asInvoker' uiAccess='false'" /manifest:embed /DEBUG /PDB:"C:\Users\Martin\Documents\UNM\413\GLEPT\GLEPT\Build\01_project_skeleton\Debug\01_project_skeleton.pdb" /SUBSYSTEM:CONSOLE /TLBID:1 /DYNAMICBASE /NXCOMPAT /IMPLIB:"C:\Users\Martin\Documents\UNM\413\GLEPT\GLEPT\Build\01_project_skeleton\Debug\01_project_skeleton.lib" /MACHINE:X86 C:\Users\Martin\Documents\UNM\413\GLEPT\GLEPT\Build\01_project_skeleton\Debug\Intermediates\main.obj
         C:\Users\Martin\Documents\UNM\413\GLEPT\GLEPT\Build\01_project_skeleton\Debug\Intermediates\Program.obj
         C:\Users\Martin\Documents\UNM\413\GLEPT\GLEPT\Build\01_project_skeleton\Debug\Intermediates\Shader.obj
         C:\Users\Martin\Documents\UNM\413\GLEPT\GLEPT\Build\01_project_skeleton\Debug\Intermediates\glew.obj
         C:\Users\Martin\Documents\UNM\413\GLEPT\GLEPT\Build\01_project_skeleton\Debug\Intermediates\platform_windows.obj
         01_project_skeleton.vcxproj -> C:\Users\Martin\Documents\UNM\413\GLEPT\GLEPT\Build\01_project_skeleton\Debug\01_project_skeleton.exe
       PostBuildEvent:
          copy "C:\Users\Martin\Documents\UNM\413\GLEPT\GLEPT\source\01_project_skeleton\resources\*" "C:\Users\Martin\Documents\UNM\413\GLEPT\GLEPT\Build\01_project_skeleton\Debug\\"
         :VCEnd
         C:\Users\Martin\Documents\UNM\413\GLEPT\GLEPT\source\01_project_skeleton\resources\fragment-shader.txt
         C:\Users\Martin\Documents\UNM\413\GLEPT\GLEPT\source\01_project_skeleton\resources\vertex-shader.txt
                 2 file(s) copied.
     1>Done Building Project "C:\Users\Martin\Documents\UNM\413\GLEPT\GLEPT\platforms\windows\01_project_skeleton.vcxproj" (Build target(s)).

Build succeeded.

Time Elapsed 00:00:05.10
