c:\users\martin\downloads\opengl-series-master\build\01_project_skeleton\debug\intermediates\vc120.pdb
c:\users\martin\downloads\opengl-series-master\build\01_project_skeleton\debug\intermediates\vc120.idb
c:\users\martin\downloads\opengl-series-master\build\01_project_skeleton\debug\intermediates\main.obj
c:\users\martin\downloads\opengl-series-master\build\01_project_skeleton\debug\intermediates\program.obj
c:\users\martin\downloads\opengl-series-master\build\01_project_skeleton\debug\intermediates\shader.obj
c:\users\martin\downloads\opengl-series-master\build\01_project_skeleton\debug\intermediates\platform_windows.obj
c:\users\martin\downloads\opengl-series-master\build\01_project_skeleton\debug\intermediates\glew.obj
c:\users\martin\documents\unm\413\glept\glept\build\01_project_skeleton\debug\intermediates\vc120.pdb
c:\users\martin\documents\unm\413\glept\glept\build\01_project_skeleton\debug\intermediates\vc120.idb
c:\users\martin\documents\unm\413\glept\glept\build\01_project_skeleton\debug\intermediates\main.obj
c:\users\martin\documents\unm\413\glept\glept\build\01_project_skeleton\debug\intermediates\program.obj
c:\users\martin\documents\unm\413\glept\glept\build\01_project_skeleton\debug\intermediates\shader.obj
c:\users\martin\documents\unm\413\glept\glept\build\01_project_skeleton\debug\intermediates\platform_windows.obj
c:\users\martin\documents\unm\413\glept\glept\build\01_project_skeleton\debug\intermediates\glew.obj
c:\users\martin\downloads\opengl-series-master\build\01_project_skeleton\debug\01_project_skeleton.ilk
c:\users\martin\downloads\opengl-series-master\build\01_project_skeleton\debug\01_project_skeleton.exe
c:\users\martin\downloads\opengl-series-master\build\01_project_skeleton\debug\01_project_skeleton.pdb
c:\users\martin\documents\unm\413\glept\glept\build\01_project_skeleton\debug\01_project_skeleton.ilk
c:\users\martin\documents\unm\413\glept\glept\build\01_project_skeleton\debug\01_project_skeleton.exe
c:\users\martin\documents\unm\413\glept\glept\build\01_project_skeleton\debug\01_project_skeleton.pdb
c:\users\martin\documents\unm\413\glept\glept\build\01_project_skeleton\debug\intermediates\01_proje.0e839a2b.tlog\cl.command.1.tlog
c:\users\martin\documents\unm\413\glept\glept\build\01_project_skeleton\debug\intermediates\01_proje.0e839a2b.tlog\cl.read.1.tlog
c:\users\martin\documents\unm\413\glept\glept\build\01_project_skeleton\debug\intermediates\01_proje.0e839a2b.tlog\cl.write.1.tlog
c:\users\martin\documents\unm\413\glept\glept\build\01_project_skeleton\debug\intermediates\01_proje.0e839a2b.tlog\link.command.1.tlog
c:\users\martin\documents\unm\413\glept\glept\build\01_project_skeleton\debug\intermediates\01_proje.0e839a2b.tlog\link.read.1.tlog
c:\users\martin\documents\unm\413\glept\glept\build\01_project_skeleton\debug\intermediates\01_proje.0e839a2b.tlog\link.write.1.tlog
